0 info it worked if it ends with ok
1 verbose cli [ '/usr/local/bin/node',
1 verbose cli   '/usr/local/lib/node_modules/cnpm/node_modules/.bin/npm',
1 verbose cli   '--userconfig=/Users/codecook/.cnpmrc',
1 verbose cli   '--disturl=https://npm.taobao.org/mirrors/node',
1 verbose cli   '--cache=/Users/codecook/.cnpm',
1 verbose cli   '--registry=https://registry.npm.taobao.org',
1 verbose cli   '--node-gyp=/usr/local/lib/node_modules/cnpm/node_modules/pangyp/bin/node-gyp.js',
1 verbose cli   'install',
1 verbose cli   '--save-dev',
1 verbose cli   'hashHistory' ]
2 info using npm@2.13.2
3 info using node@v4.2.2
4 verbose install initial load of /Users/codecook/workspace/Github/tangsj.github.io/package.json
5 verbose installManyTop reading scoped package data from /Users/codecook/workspace/Github/tangsj.github.io/node_modules/autoprefixer/package.json
6 verbose installManyTop reading scoped package data from /Users/codecook/workspace/Github/tangsj.github.io/node_modules/babel-core/package.json
7 verbose installManyTop reading scoped package data from /Users/codecook/workspace/Github/tangsj.github.io/node_modules/babel-loader/package.json
8 verbose installManyTop reading scoped package data from /Users/codecook/workspace/Github/tangsj.github.io/node_modules/babel-preset-es2015/package.json
9 verbose installManyTop reading scoped package data from /Users/codecook/workspace/Github/tangsj.github.io/node_modules/babel-preset-react/package.json
10 verbose installManyTop reading scoped package data from /Users/codecook/workspace/Github/tangsj.github.io/node_modules/css-loader/package.json
11 verbose installManyTop reading scoped package data from /Users/codecook/workspace/Github/tangsj.github.io/node_modules/css-mqpacker/package.json
12 verbose installManyTop reading scoped package data from /Users/codecook/workspace/Github/tangsj.github.io/node_modules/csswring/package.json
13 verbose installManyTop reading scoped package data from /Users/codecook/workspace/Github/tangsj.github.io/node_modules/file-loader/package.json
14 verbose installManyTop reading scoped package data from /Users/codecook/workspace/Github/tangsj.github.io/node_modules/gulp/package.json
15 verbose installManyTop reading scoped package data from /Users/codecook/workspace/Github/tangsj.github.io/node_modules/gulp-postcss/package.json
16 verbose installManyTop reading scoped package data from /Users/codecook/workspace/Github/tangsj.github.io/node_modules/gulp-rename/package.json
17 verbose installManyTop reading scoped package data from /Users/codecook/workspace/Github/tangsj.github.io/node_modules/gulp-util/package.json
18 verbose installManyTop reading scoped package data from /Users/codecook/workspace/Github/tangsj.github.io/node_modules/highlight.js/package.json
19 verbose installManyTop reading scoped package data from /Users/codecook/workspace/Github/tangsj.github.io/node_modules/jquery/package.json
20 verbose installManyTop reading scoped package data from /Users/codecook/workspace/Github/tangsj.github.io/node_modules/json-loader/package.json
21 verbose installManyTop reading scoped package data from /Users/codecook/workspace/Github/tangsj.github.io/node_modules/postcss/package.json
22 verbose installManyTop reading scoped package data from /Users/codecook/workspace/Github/tangsj.github.io/node_modules/postcss-import/package.json
23 verbose installManyTop reading scoped package data from /Users/codecook/workspace/Github/tangsj.github.io/node_modules/postcss-loader/package.json
24 verbose installManyTop reading scoped package data from /Users/codecook/workspace/Github/tangsj.github.io/node_modules/postcss-nested/package.json
25 verbose installManyTop reading scoped package data from /Users/codecook/workspace/Github/tangsj.github.io/node_modules/react/package.json
26 verbose installManyTop reading scoped package data from /Users/codecook/workspace/Github/tangsj.github.io/node_modules/react-dom/package.json
27 verbose installManyTop reading scoped package data from /Users/codecook/workspace/Github/tangsj.github.io/node_modules/react-router/package.json
28 verbose installManyTop reading scoped package data from /Users/codecook/workspace/Github/tangsj.github.io/node_modules/source-map/package.json
29 verbose installManyTop reading scoped package data from /Users/codecook/workspace/Github/tangsj.github.io/node_modules/style-loader/package.json
30 verbose installManyTop reading scoped package data from /Users/codecook/workspace/Github/tangsj.github.io/node_modules/url-loader/package.json
31 verbose installManyTop reading scoped package data from /Users/codecook/workspace/Github/tangsj.github.io/node_modules/webpack/package.json
32 verbose installManyTop reading scoped package data from /Users/codecook/workspace/Github/tangsj.github.io/node_modules/webpack-dev-server/package.json
33 info package.json gulp-rename@1.2.2 No license field.
34 verbose readDependencies loading dependencies from /Users/codecook/workspace/Github/tangsj.github.io/package.json
35 silly cache add args [ 'hashHistory', null ]
36 verbose cache add spec hashHistory
37 silly cache add parsed spec Result {
37 silly cache add   raw: 'hashHistory',
37 silly cache add   scope: null,
37 silly cache add   name: 'hashHistory',
37 silly cache add   rawSpec: '',
37 silly cache add   spec: '*',
37 silly cache add   type: 'range' }
38 silly addNamed hashHistory@*
39 verbose addNamed "*" is a valid semver range for hashHistory
40 silly addNameRange { name: 'hashHistory', range: '*', hasData: false }
41 silly mapToRegistry name hashHistory
42 silly mapToRegistry using default registry
43 silly mapToRegistry registry https://registry.npm.taobao.org/
44 silly mapToRegistry uri https://registry.npm.taobao.org/hashHistory
45 verbose addNameRange registry:https://registry.npm.taobao.org/hashHistory not in flight; fetching
46 verbose request uri https://registry.npm.taobao.org/hashHistory
47 verbose request no auth needed
48 info attempt registry request try #1 at 16:19:20
49 verbose request id 98b10bed7ee68709
50 http request GET https://registry.npm.taobao.org/hashHistory
51 http 404 https://registry.npm.taobao.org/hashHistory
52 verbose headers { 'content-type': 'application/json',
52 verbose headers   'cache-control': 'max-age=0',
52 verbose headers   'content-length': '2',
52 verbose headers   'accept-ranges': 'bytes',
52 verbose headers   date: 'Mon, 15 Feb 2016 08:19:23 GMT',
52 verbose headers   via: '1.1 varnish',
52 verbose headers   age: '0',
52 verbose headers   connection: 'close',
52 verbose headers   'x-served-by': 'cache-ams4126-AMS',
52 verbose headers   'x-cache': 'MISS',
52 verbose headers   'x-cache-hits': '0',
52 verbose headers   'x-timer': 'S1455524363.258713,VS0,VE425' }
53 silly get cb [ 404,
53 silly get   { 'content-type': 'application/json',
53 silly get     'cache-control': 'max-age=0',
53 silly get     'content-length': '2',
53 silly get     'accept-ranges': 'bytes',
53 silly get     date: 'Mon, 15 Feb 2016 08:19:23 GMT',
53 silly get     via: '1.1 varnish',
53 silly get     age: '0',
53 silly get     connection: 'close',
53 silly get     'x-served-by': 'cache-ams4126-AMS',
53 silly get     'x-cache': 'MISS',
53 silly get     'x-cache-hits': '0',
53 silly get     'x-timer': 'S1455524363.258713,VS0,VE425' } ]
54 verbose stack Error: Registry returned 404 for GET on https://registry.npm.taobao.org/hashHistory
54 verbose stack     at CachingRegistryClient.<anonymous> (/usr/local/lib/node_modules/cnpm/node_modules/npm/node_modules/npm-registry-client/lib/request.js:239:14)
54 verbose stack     at Request._callback (/usr/local/lib/node_modules/cnpm/node_modules/npm/node_modules/npm-registry-client/lib/request.js:170:14)
54 verbose stack     at Request.self.callback (/usr/local/lib/node_modules/cnpm/node_modules/npm/node_modules/request/request.js:197:22)
54 verbose stack     at emitTwo (events.js:87:13)
54 verbose stack     at Request.emit (events.js:172:7)
54 verbose stack     at Request.<anonymous> (/usr/local/lib/node_modules/cnpm/node_modules/npm/node_modules/request/request.js:1050:14)
54 verbose stack     at emitOne (events.js:82:20)
54 verbose stack     at Request.emit (events.js:169:7)
54 verbose stack     at IncomingMessage.<anonymous> (/usr/local/lib/node_modules/cnpm/node_modules/npm/node_modules/request/request.js:996:12)
54 verbose stack     at emitNone (events.js:72:20)
55 verbose statusCode 404
56 verbose pkgid hashHistory
57 verbose cwd /Users/codecook/workspace/Github/tangsj.github.io
58 error Darwin 15.3.0
59 error argv "/usr/local/bin/node" "/usr/local/lib/node_modules/cnpm/node_modules/.bin/npm" "--userconfig=/Users/codecook/.cnpmrc" "--disturl=https://npm.taobao.org/mirrors/node" "--cache=/Users/codecook/.cnpm" "--registry=https://registry.npm.taobao.org" "--node-gyp=/usr/local/lib/node_modules/cnpm/node_modules/pangyp/bin/node-gyp.js" "install" "--save-dev" "hashHistory"
60 error node v4.2.2
61 error npm  v2.13.2
62 error code E404
63 error 404 Registry returned 404 for GET on https://registry.npm.taobao.org/hashHistory
63 error 404
63 error 404 'hashHistory' is not in the npm registry.
63 error 404 Your package name is not valid, because
63 error 404
63 error 404  1. name can no longer contain capital letters
63 error 404 It was specified as a dependency of 'tangsj.github.io'
63 error 404
63 error 404 Note that you can also install from a
63 error 404 tarball, folder, http url, or git url.
64 verbose exit [ 1, true ]
